[06May2025 00:04:54.431] [Server thread/INFO] [net.minecraft.server.dedicated.DedicatedServer/]: Stopping the server
[06May2025 00:04:54.479] [Server thread/INFO] [net.minecraft.server.MinecraftServer/]: Stopping server
[06May2025 00:04:54.482] [Server thread/INFO] [net.minecraft.server.MinecraftServer/]: Saving players
[06May2025 00:04:54.556] [Server thread/INFO] [net.minecraft.network.play.ServerPlayNetHandler/]: moltgames lost connection: Internal Exception: java.lang.StackOverflowError
[06May2025 00:04:54.556] [Server thread/INFO] [net.minecraft.server.dedicated.DedicatedServer/]: moltgames left the game
[06May2025 00:04:54.558] [Server thread/INFO] [Astral Sorcery/]: Clearing perk-tree because the player's skill-tree version was outdated!
[06May2025 00:04:54.623] [Server thread/INFO] [net.minecraft.server.MinecraftServer/]: Saving worlds
[06May2025 00:04:54.624] [Server thread/INFO] [net.minecraft.server.MinecraftServer/]: Saving chunks for level 'ServerLevel[world]'/minecraft:overworld
[06May2025 00:04:55.788] [Server thread/INFO] [net.minecraft.world.server.ChunkManager/]: ThreadedAnvilChunkStorage (world): All chunks are saved
[06May2025 00:04:55.788] [Server thread/INFO] [net.minecraft.server.MinecraftServer/]: Saving chunks for level 'ServerLevel[world]'/minecraft:the_nether
[06May2025 00:04:55.792] [Server thread/INFO] [net.minecraft.world.server.ChunkManager/]: ThreadedAnvilChunkStorage (DIM-1): All chunks are saved
[06May2025 00:04:55.792] [Server thread/INFO] [net.minecraft.server.MinecraftServer/]: Saving chunks for level 'ServerLevel[world]'/minecraft:the_end
[06May2025 00:04:55.793] [Server thread/INFO] [net.minecraft.world.server.ChunkManager/]: ThreadedAnvilChunkStorage (DIM1): All chunks are saved
[06May2025 00:04:55.793] [Server thread/INFO] [net.minecraft.server.MinecraftServer/]: Saving chunks for level 'ServerLevel[world]'/bloodmagic:dungeon
[06May2025 00:04:55.794] [Server thread/INFO] [net.minecraft.world.server.ChunkManager/]: ThreadedAnvilChunkStorage (dungeon): All chunks are saved
[06May2025 00:04:55.794] [Server thread/INFO] [net.minecraft.server.MinecraftServer/]: Saving chunks for level 'ServerLevel[world]'/twilightforest:twilightforest
[06May2025 00:04:55.795] [Server thread/INFO] [net.minecraft.world.server.ChunkManager/]: ThreadedAnvilChunkStorage (twilightforest): All chunks are saved
[06May2025 00:04:55.795] [Server thread/INFO] [net.minecraft.server.MinecraftServer/]: Saving chunks for level 'ServerLevel[world]'/atum:atum
[06May2025 00:04:55.797] [Server thread/INFO] [net.minecraft.world.server.ChunkManager/]: ThreadedAnvilChunkStorage (atum): All chunks are saved
[06May2025 00:04:55.797] [Server thread/INFO] [net.minecraft.server.MinecraftServer/]: Saving chunks for level 'ServerLevel[world]'/twilightforest:skylight_forest
[06May2025 00:04:55.798] [Server thread/INFO] [net.minecraft.world.server.ChunkManager/]: ThreadedAnvilChunkStorage (skylight_forest): All chunks are saved
[06May2025 00:04:55.798] [Server thread/INFO] [net.minecraft.server.MinecraftServer/]: Saving chunks for level 'ServerLevel[world]'/appliedenergistics2:spatial_storage
[06May2025 00:04:55.799] [Server thread/INFO] [net.minecraft.world.server.ChunkManager/]: ThreadedAnvilChunkStorage (spatial_storage): All chunks are saved
[06May2025 00:04:55.868] [Server thread/INFO] [net.minecraft.world.server.ChunkManager/]: ThreadedAnvilChunkStorage (world): All chunks are saved
[06May2025 00:04:55.877] [Server thread/INFO] [net.minecraft.world.server.ChunkManager/]: ThreadedAnvilChunkStorage (DIM-1): All chunks are saved
[06May2025 00:04:55.882] [Server thread/INFO] [net.minecraft.world.server.ChunkManager/]: ThreadedAnvilChunkStorage (DIM1): All chunks are saved
[06May2025 00:04:55.882] [Server thread/INFO] [net.minecraft.world.server.ChunkManager/]: ThreadedAnvilChunkStorage (dungeon): All chunks are saved
[06May2025 00:04:55.883] [Server thread/INFO] [net.minecraft.world.server.ChunkManager/]: ThreadedAnvilChunkStorage (twilightforest): All chunks are saved
[06May2025 00:04:55.883] [Server thread/INFO] [net.minecraft.world.server.ChunkManager/]: ThreadedAnvilChunkStorage (atum): All chunks are saved
[06May2025 00:04:55.883] [Server thread/INFO] [net.minecraft.world.server.ChunkManager/]: ThreadedAnvilChunkStorage (skylight_forest): All chunks are saved
[06May2025 00:04:55.884] [Server thread/INFO] [net.minecraft.world.server.ChunkManager/]: ThreadedAnvilChunkStorage (spatial_storage): All chunks are saved
